c:\users\alanj\source\repos\vtuber\vtuber\debug\entry.obj
c:\users\alanj\source\repos\vtuber\vtuber\debug\window.obj
c:\users\alanj\source\repos\vtuber\vtuber\debug\graphics.obj
c:\users\alanj\source\repos\vtuber\vtuber\debug\time.obj
c:\users\alanj\source\repos\vtuber\vtuber\debug\input.obj
c:\users\alanj\source\repos\vtuber\vtuber\debug\application.obj
c:\users\alanj\source\repos\vtuber\vtuber\debug\vexception.obj
c:\users\alanj\source\repos\vtuber\vtuber\debug\vc142.pdb
c:\users\alanj\source\repos\vtuber\debug\pixelshader.cso
c:\users\alanj\source\repos\vtuber\vtuber\vertexshader.cso
c:\users\alanj\source\repos\vtuber\debug\vtuber.ilk
c:\users\alanj\source\repos\vtuber\debug\vtuber.exe
c:\users\alanj\source\repos\vtuber\debug\vtuber.pdb
c:\users\alanj\source\repos\vtuber\vtuber\debug\vc142.idb
c:\users\alanj\source\repos\vtuber\vtuber\debug\vtuber.tlog\cl.1268.write.1.tlog
c:\users\alanj\source\repos\vtuber\vtuber\debug\vtuber.tlog\cl.command.1.tlog
c:\users\alanj\source\repos\vtuber\vtuber\debug\vtuber.tlog\cl.read.1.tlog
c:\users\alanj\source\repos\vtuber\vtuber\debug\vtuber.tlog\fxc.command.1.tlog
c:\users\alanj\source\repos\vtuber\vtuber\debug\vtuber.tlog\fxc.read.1.tlog
c:\users\alanj\source\repos\vtuber\vtuber\debug\vtuber.tlog\fxc.write.1.tlog
c:\users\alanj\source\repos\vtuber\vtuber\debug\vtuber.tlog\link.command.1.tlog
c:\users\alanj\source\repos\vtuber\vtuber\debug\vtuber.tlog\link.read.1.tlog
c:\users\alanj\source\repos\vtuber\vtuber\debug\vtuber.tlog\link.write.1.tlog
